Configuring securemem-0.1.9...
Building securemem-0.1.9...
Preprocessing library securemem-0.1.9...
[1 of 1] Compiling Data.SecureMem   ( Data\SecureMem.hs, .stack-work\dist\2fae85dd\build\Data\SecureMem.o )

Data\SecureMem.hs:34:1: warning: [-Wunused-imports]
    The import of `Data.Monoid' is redundant
      except perhaps to import instances from `Data.Monoid'
    To import instances alone, use: import Data.Monoid()

Data\SecureMem.hs:35:1: warning: [-Wunused-imports]
    The import of `Control.Applicative' is redundant
      except perhaps to import instances from `Control.Applicative'
    To import instances alone, use: import Control.Applicative()
Installing library in
C:\sr\snapshots\dac302b0\lib\i386-windows-ghc-8.0.1\securemem-0.1.9-AlUbMorzPNe4lwnV15ASIa
Registering securemem-0.1.9...
Cabal-simple_Z6RU0evB_1.24.0.0_ghc-8.0.1.exe:
'C:\Users\HOME\AppData\Local\Programs\stack\i386-windows\ghc-8.0.1\bin\ghc-pkg.EXE'
exited with an error:
securemem-0.1.9: Warning: haddock-interfaces:
C:\sr\snapshots\dac302b0\doc\securemem-0.1.9\securemem.haddock doesn't exist
or isn't a file
ghc-pkg.EXE: C:\sr\snapshots\dac302b0\pkgdb\package.cache: you don't have
permission to modify this file
