[1 of 2] Compiling Main             ( C:\Users\HOME\AppData\Local\Temp\stack11612\servant-server-0.10\Setup.lhs, C:\Users\HOME\AppData\Local\Temp\stack11612\servant-server-0.10\.stack-work\dist\2fae85dd\setup\Main.o )
[2 of 2] Compiling StackSetupShim   ( C:\sr\setup-exe-src\setup-shim-Z6RU0evB.hs, C:\Users\HOME\AppData\Local\Temp\stack11612\servant-server-0.10\.stack-work\dist\2fae85dd\setup\StackSetupShim.o )
Linking C:\Users\HOME\AppData\Local\Temp\stack11612\servant-server-0.10\.stack-work\dist\2fae85dd\setup\setup.exe ...
Configuring servant-server-0.10...
Building servant-server-0.10...
Preprocessing library servant-server-0.10...
[ 1 of 11] Compiling Servant.Server.Internal.ServantErr ( src\Servant\Server\Internal\ServantErr.hs, .stack-work\dist\2fae85dd\build\Servant\Server\Internal\ServantErr.o )
[ 2 of 11] Compiling Servant.Server.Internal.Handler ( src\Servant\Server\Internal\Handler.hs, .stack-work\dist\2fae85dd\build\Servant\Server\Internal\Handler.o )
[ 3 of 11] Compiling Servant.Server.Internal.RoutingApplication ( src\Servant\Server\Internal\RoutingApplication.hs, .stack-work\dist\2fae85dd\build\Servant\Server\Internal\RoutingApplication.o )
[ 4 of 11] Compiling Servant.Server.Internal.Router ( src\Servant\Server\Internal\Router.hs, .stack-work\dist\2fae85dd\build\Servant\Server\Internal\Router.o )
[ 5 of 11] Compiling Servant.Server.Internal.Context ( src\Servant\Server\Internal\Context.hs, .stack-work\dist\2fae85dd\build\Servant\Server\Internal\Context.o )
[ 6 of 11] Compiling Servant.Server.Internal.BasicAuth ( src\Servant\Server\Internal\BasicAuth.hs, .stack-work\dist\2fae85dd\build\Servant\Server\Internal\BasicAuth.o )
[ 7 of 11] Compiling Servant.Server.Internal ( src\Servant\Server\Internal.hs, .stack-work\dist\2fae85dd\build\Servant\Server\Internal.o )
[ 8 of 11] Compiling Servant.Server   ( src\Servant\Server.hs, .stack-work\dist\2fae85dd\build\Servant\Server.o )
[ 9 of 11] Compiling Servant.Utils.StaticFiles ( src\Servant\Utils\StaticFiles.hs, .stack-work\dist\2fae85dd\build\Servant\Utils\StaticFiles.o )
[10 of 11] Compiling Servant          ( src\Servant.hs, .stack-work\dist\2fae85dd\build\Servant.o )
[11 of 11] Compiling Servant.Server.Experimental.Auth ( src\Servant\Server\Experimental\Auth.hs, .stack-work\dist\2fae85dd\build\Servant\Server\Experimental\Auth.o )
Preprocessing executable 'greet' for servant-server-0.10...
[1 of 1] Compiling Main             ( example\greet.hs, .stack-work\dist\2fae85dd\build\greet\greet-tmp\Main.o )
Linking .stack-work\dist\2fae85dd\build\greet\greet.exe ...
Installing library in
C:\Users\HOME\Desktop\project\file-server\.stack-work\install\be9a2133\lib\i386-windows-ghc-8.0.1\servant-server-0.10-FGsfkxp1oWZBZjQPk6ic3o
Installing executable(s) in
C:\Users\HOME\Desktop\project\file-server\.stack-work\install\be9a2133\bin
Registering servant-server-0.10...
