[1 of 2] Compiling Main             ( C:\Users\HOME\AppData\Local\Temp\stack4604\system-filepath-0.4.13.4\Setup.hs, C:\Users\HOME\AppData\Local\Temp\stack4604\system-filepath-0.4.13.4\.stack-work\dist\2fae85dd\setup\Main.o )

C:\Users\HOME\AppData\Local\Temp\stack4604\system-filepath-0.4.13.4\Setup.hs:7:1: warning: [-Wtabs]
    Tab character found here, and in 9 further locations.
    Please use spaces instead.
[2 of 2] Compiling StackSetupShim   ( C:\sr\setup-exe-src\setup-shim-Z6RU0evB.hs, C:\Users\HOME\AppData\Local\Temp\stack4604\system-filepath-0.4.13.4\.stack-work\dist\2fae85dd\setup\StackSetupShim.o )
Linking C:\Users\HOME\AppData\Local\Temp\stack4604\system-filepath-0.4.13.4\.stack-work\dist\2fae85dd\setup\setup.exe ...
Configuring system-filepath-0.4.13.4...
Building system-filepath-0.4.13.4...
Preprocessing library system-filepath-0.4.13.4...
[1 of 4] Compiling Filesystem.Path.Internal ( lib\Filesystem\Path\Internal.hs, .stack-work\dist\2fae85dd\build\Filesystem\Path\Internal.o )

lib\Filesystem\Path\Internal.hs:17:1: warning: [-Wunused-imports]
    The qualified import of `Control.Exception' is redundant
      except perhaps to import instances from `Control.Exception'
    To import instances alone, use: import Control.Exception()

lib\Filesystem\Path\Internal.hs:26:1: warning: [-Wunused-imports]
    The import of `Data.Text.Encoding.Error' is redundant
      except perhaps to import instances from `Data.Text.Encoding.Error'
    To import instances alone, use: import Data.Text.Encoding.Error()

lib\Filesystem\Path\Internal.hs:39:1: warning: [-Wtabs]
    Tab character found here, and in 170 further locations.
    Please use spaces instead.
[2 of 4] Compiling Filesystem.Path  ( lib\Filesystem\Path.hs, .stack-work\dist\2fae85dd\build\Filesystem\Path.o )

lib\Filesystem\Path.hs:17:1: warning: [-Wtabs]
    Tab character found here, and in 264 further locations.
    Please use spaces instead.
[3 of 4] Compiling Filesystem.Path.Rules ( lib\Filesystem\Path\Rules.hs, .stack-work\dist\2fae85dd\build\Filesystem\Path\Rules.o )

lib\Filesystem\Path\Rules.hs:10:1: warning: [-Wtabs]
    Tab character found here, and in 291 further locations.
    Please use spaces instead.
[4 of 4] Compiling Filesystem.Path.CurrentOS ( lib\Filesystem\Path\CurrentOS.hs, .stack-work\dist\2fae85dd\build\Filesystem\Path\CurrentOS.o )

lib\Filesystem\Path\CurrentOS.hs:18:1: warning: [-Wtabs]
    Tab character found here, and in 23 further locations.
    Please use spaces instead.

lib\Filesystem\Path\CurrentOS.hs:37:1: warning: [-Wunused-imports]
    The qualified import of `Data.ByteString' is redundant
      except perhaps to import instances from `Data.ByteString'
    To import instances alone, use: import Data.ByteString()
Installing library in
C:\sr\snapshots\dac302b0\lib\i386-windows-ghc-8.0.1\system-filepath-0.4.13.4-HUFf8fSCBPxKMJWFo2G9cw
Registering system-filepath-0.4.13.4...
