Configuring x509-system-1.6.4...
Building x509-system-1.6.4...
Preprocessing library x509-system-1.6.4...
[1 of 4] Compiling System.X509.MacOS ( System\X509\MacOS.hs, .stack-work\dist\2fae85dd\build\System\X509\MacOS.o )

System\X509\MacOS.hs:2:1: warning: [-Wtabs]
    Tab character found here, and in one further location.
    Please use spaces instead.

System\X509\MacOS.hs:8:1: warning: [-Wunused-imports]
    The import of `Control.Applicative' is redundant
      except perhaps to import instances from `Control.Applicative'
    To import instances alone, use: import Control.Applicative()
[2 of 4] Compiling System.X509.Unix ( System\X509\Unix.hs, .stack-work\dist\2fae85dd\build\System\X509\Unix.o )
[3 of 4] Compiling System.X509.Win32 ( System\X509\Win32.hs, .stack-work\dist\2fae85dd\build\System\X509\Win32.o )

System\X509\Win32.hs:13:1: warning: [-Wunused-imports]
    The import of `Control.Applicative' is redundant
      except perhaps to import instances from `Control.Applicative'
    To import instances alone, use: import Control.Applicative()
[4 of 4] Compiling System.X509      ( System\X509.hs, .stack-work\dist\2fae85dd\build\System\X509.o )

System\X509.hs:10:1: warning: [-Wtabs]
    Tab character found here, and in one further location.
    Please use spaces instead.
Installing library in
C:\sr\snapshots\dac302b0\lib\i386-windows-ghc-8.0.1\x509-system-1.6.4-3jfWPpeuFy3GeeNlQZ8V03
Registering x509-system-1.6.4...
